<?xml version="1.0" encoding="UTF-8"?>
<testng-results ignored="0" total="1" passed="1" failed="0" skipped="0">
  <reporter-output>
  </reporter-output>
  <suite started-at="2022-10-31T16:40:05 IST" name="Default suite" finished-at="2022-10-31T16:40:17 IST" duration-ms="11688">
    <groups>
    </groups>
    <test started-at="2022-10-31T16:40:05 IST" name="Default test" finished-at="2022-10-31T16:40:17 IST" duration-ms="11688">
      <class name="com.testLayer.LoginpageTest">
        <test-method is-config="true" signature="setUp()[pri:0, instance:com.testLayer.LoginpageTest@498d318c]" started-at="2022-10-31T16:40:05 IST" name="setUp" finished-at="2022-10-31T16:40:13 IST" duration-ms="8304" status="PASS">
          <reporter-output>
          </reporter-output>
        </test-method> <!-- setUp -->
        <test-method signature="verifyLoginTest()[pri:0, instance:com.testLayer.LoginpageTest@498d318c]" started-at="2022-10-31T16:40:13 IST" name="verifyLoginTest" finished-at="2022-10-31T16:40:17 IST" duration-ms="3357" status="PASS">
          <reporter-output>
          </reporter-output>
        </test-method> <!-- verifyLoginTest -->
        <test-method is-config="true" signature="tearDown()[pri:0, instance:com.testLayer.LoginpageTest@498d318c]" started-at="2022-10-31T16:40:17 IST" name="tearDown" finished-at="2022-10-31T16:40:17 IST" duration-ms="0" status="PASS">
          <reporter-output>
          </reporter-output>
        </test-method> <!-- tearDown -->
      </class> <!-- com.testLayer.LoginpageTest -->
    </test> <!-- Default test -->
  </suite> <!-- Default suite -->
</testng-results>
